Results for 1word_hash.txt:
?:password123

1 password hash cracked, 0 left
Cracking method: dictionary attack
Time taken:  seconds
---------------------------------------------
Results for 2word_hash.txt:
?:qwerty

1 password hash cracked, 0 left
Cracking method: dictionary attack
Time taken:  seconds
---------------------------------------------
Results for 3word_hash.txt:
?:P@ssw0rd

1 password hash cracked, 0 left
Cracking method: dictionary attack
Time taken:  seconds
---------------------------------------------
Results for 4word_hash.txt:
0 password hashes cracked, 1 left
Password not cracked
Dictionary attack time: 5 seconds
Brute-force attack time: 180 seconds
Rule-based attack time: 180 seconds
---------------------------------------------
Results for 5word_hash.txt:
0 password hashes cracked, 1 left
Password not cracked
Dictionary attack time: 5 seconds
Brute-force attack time: 180 seconds
Rule-based attack time: 180 seconds
---------------------------------------------
